build/outputs/mapping/release/seeds.txt
com.example.asti.myapplication.AlarmActivity
com.example.asti.myapplication.AlarmActivity: AlarmActivity()
com.example.asti.myapplication.AlarmRec
com.example.asti.myapplication.AlarmRec: AlarmRec()
com.example.asti.myapplication.AutoStart
com.example.asti.myapplication.AutoStart: AutoStart()
com.example.asti.myapplication.MainActivity
com.example.asti.myapplication.MainActivity: MainActivity()
com.example.asti.myapplication.R$anim: int abc_fade_in
com.example.asti.myapplication.R$anim: int abc_fade_out
com.example.asti.myapplication.R$anim: int abc_grow_fade_in_from_bottom
com.example.asti.myapplication.R$anim: int abc_popup_enter
com.example.asti.myapplication.R$anim: int abc_popup_exit
com.example.asti.myapplication.R$anim: int abc_shrink_fade_out_from_bottom
com.example.asti.myapplication.R$anim: int abc_slide_in_bottom
com.example.asti.myapplication.R$anim: int abc_slide_in_top
com.example.asti.myapplication.R$anim: int abc_slide_out_bottom
com.example.asti.myapplication.R$anim: int abc_slide_out_top
com.example.asti.myapplication.R$attr: int actionBarDivider
com.example.asti.myapplication.R$attr: int actionBarItemBackground
com.example.asti.myapplication.R$attr: int actionBarPopupTheme
com.example.asti.myapplication.R$attr: int actionBarSize
com.example.asti.myapplication.R$attr: int actionBarSplitStyle
com.example.asti.myapplication.R$attr: int actionBarStyle
com.example.asti.myapplication.R$attr: int actionBarTabBarStyle
com.example.asti.myapplication.R$attr: int actionBarTabStyle
com.example.asti.myapplication.R$attr: int actionBarTabTextStyle
com.example.asti.myapplication.R$attr: int actionBarTheme
com.example.asti.myapplication.R$attr: int actionBarWidgetTheme
com.example.asti.myapplication.R$attr: int actionButtonStyle
com.example.asti.myapplication.R$attr: int actionDropDownStyle
com.example.asti.myapplication.R$attr: int actionLayout
com.example.asti.myapplication.R$attr: int actionMenuTextAppearance
com.example.asti.myapplication.R$attr: int actionMenuTextColor
com.example.asti.myapplication.R$attr: int actionModeBackground
com.example.asti.myapplication.R$attr: int actionModeCloseButtonStyle
com.example.asti.myapplication.R$attr: int actionModeCloseDrawable
com.example.asti.myapplication.R$attr: int actionModeCopyDrawable
com.example.asti.myapplication.R$attr: int actionModeCutDrawable
com.example.asti.myapplication.R$attr: int actionModeFindDrawable
com.example.asti.myapplication.R$attr: int actionModePasteDrawable
com.example.asti.myapplication.R$bool: int abc_action_bar_embed_tabs
com.example.asti.myapplication.R$bool: int abc_allow_stacked_button_bar
com.example.asti.myapplication.R$bool: int abc_config_actionMenuItemAllCaps
com.example.asti.myapplication.R$bool: int abc_config_closeDialogWhenTouchOutside
com.example.asti.myapplication.R$bool: int abc_config_showMenuShortcutsWhenKeyboardPresent
...
android.support.v4.app.NotificationCompat$BigPictureStyle
android.support.v4.app.NotificationCompat$BigPictureStyle: android.graphics.Bitmap mPicture
android.support.v4.app.NotificationCompat$BigPictureStyle: android.graphics.Bitmap mBigLargeIcon
android.support.v4.app.NotificationCompat$BigPictureStyle: boolean mBigLargeIconSet
android.support.v4.app.NotificationCompat$BigPictureStyle: NotificationCompat$BigPictureStyle()
android.support.v4.app.NotificationCompat$BigPictureStyle: NotificationCompat$BigPictureStyle(android.support.v4.app.NotificationCompat$Builder)
android.support.v4.app.NotificationCompat$BigPictureStyle: android.support.v4.app.NotificationCompat$BigPictureStyle setBigContentTitle(java.lang.CharSequence)
android.support.v4.app.NotificationCompat$BigPictureStyle: android.support.v4.app.NotificationCompat$BigPictureStyle setSummaryText(java.lang.CharSequence)
android.support.v4.app.NotificationCompat$BigPictureStyle: android.support.v4.app.NotificationCompat$BigPictureStyle bigPicture(android.graphics.Bitmap)
android.support.v4.app.NotificationCompat$BigPictureStyle: android.support.v4.app.NotificationCompat$BigPictureStyle bigLargeIcon(android.graphics.Bitmap)
android.support.v4.app.NotificationCompat$BigTextStyle
android.support.v4.app.NotificationCompat$BigTextStyle: java.lang.CharSequence mBigText
android.support.v4.app.NotificationCompat$BigTextStyle: NotificationCompat$BigTextStyle()
android.support.v4.app.NotificationCompat$BigTextStyle: NotificationCompat$BigTextStyle(android.support.v4.app.NotificationCompat$Builder)
android.support.v4.app.NotificationCompat$BigTextStyle: android.support.v4.app.NotificationCompat$BigTextStyle setBigContentTitle(java.lang.CharSequence)
android.support.v4.app.NotificationCompat$BigTextStyle: android.support.v4.app.NotificationCompat$BigTextStyle setSummaryText(java.lang.CharSequence)
android.support.v4.app.NotificationCompat$BigTextStyle: android.support.v4.app.NotificationCompat$BigTextStyle bigText(java.lang.CharSequence)
android.support.v4.app.NotificationCompat$Builder
android.support.v4.app.NotificationCompat$Builder: int MAX_CHARSEQUENCE_LENGTH
android.support.v4.app.NotificationCompat$Builder: android.content.Context mContext
android.support.v4.app.NotificationCompat$Builder: java.lang.CharSequence mContentTitle
android.support.v4.app.NotificationCompat$Builder: java.lang.CharSequence mContentText
android.support.v4.app.NotificationCompat$Builder: android.app.PendingIntent mContentIntent
android.support.v4.app.NotificationCompat$Builder: android.app.PendingIntent mFullScreenIntent
android.support.v4.app.NotificationCompat$Builder: android.widget.RemoteViews mTickerView
android.support.v4.app.NotificationCompat$Builder: android.graphics.Bitmap mLargeIcon
android.support.v4.app.NotificationCompat$Builder: java.lang.CharSequence mContentInfo
android.support.v4.app.NotificationCompat$Builder: int mNumber
android.support.v4.app.NotificationCompat$Builder: int mPriority
android.support.v4.app.NotificationCompat$Builder: boolean mShowWhen
android.support.v4.app.NotificationCompat$Builder: boolean mUseChronometer
android.support.v4.app.NotificationCompat$Builder: android.support.v4.app.NotificationCompat$Style mStyle
android.support.v4.app.NotificationCompat$Builder: java.lang.CharSequence mSubText
android.support.v4.app.NotificationCompat$Builder: java.lang.CharSequence[] mRemoteInputHistory
android.support.v4.app.NotificationCompat$Builder: int mProgressMax
android.support.v4.app.NotificationCompat$BuilderExtender
android.support.v4.app.NotificationCompat$BuilderExtender: NotificationCompat$BuilderExtender()
android.support.v4.app.NotificationCompat$BuilderExtender: android.app.Notification build(android.support.v4.app.NotificationCompat$Builder,android.support.v4.app.NotificationBuilderWithBuilderAccessor)