build/outputs/mapping/release/mapping.txt
com.example.asti.myapplication.AlarmActivity -> com.example.asti.myapplication.AlarmActivity:
    java.lang.String TAG -> b
    com.example.asti.myapplication.AlarmStuff as -> a
    void <init>() -> <init>
    void onCreate(android.os.Bundle) -> onCreate
    void <clinit>() -> <clinit>
com.example.asti.myapplication.AlarmRec -> com.example.asti.myapplication.AlarmRec:
    void <init>() -> <init>
    void onReceive(android.content.Context,android.content.Intent) -> onReceive
com.example.asti.myapplication.AlarmStuff -> com.example.asti.myapplication.a:
    int DELAY_ADV -> a
    void <init>() -> <init>
    void setRepeatingAlarm(android.content.Context,long) -> a
    void <clinit>() -> <clinit>
com.example.asti.myapplication.AutoStart -> com.example.asti.myapplication.AutoStart:
    void <init>() -> <init>
    void onReceive(android.content.Context,android.content.Intent) -> onReceive
com.example.asti.myapplication.MainActivity -> com.example.asti.myapplication.MainActivity:
    com.example.asti.myapplication.AlarmStuff as -> a
    android.webkit.WebView webView -> b
    void <init>() -> <init>
    void onCreate(android.os.Bundle) -> onCreate
...
android.support.graphics.drawable.AnimatedVectorDrawableCompat$1 -> android.support.a.a.c$1:
    android.support.graphics.drawable.AnimatedVectorDrawableCompat this$0 -> a
    void <init>(android.support.graphics.drawable.AnimatedVectorDrawableCompat) -> <init>
    void invalidateDrawable(android.graphics.drawable.Drawable) -> invalidateDrawable
    void scheduleDrawable(android.graphics.drawable.Drawable,java.lang.Runnable,long) -> scheduleDrawable
    void unscheduleDrawable(android.graphics.drawable.Drawable,java.lang.Runnable) -> unscheduleDrawable
android.support.graphics.drawable.AnimatedVectorDrawableCompat$AnimatedVectorDrawableCompatState -> android.support.a.a.c$a:
    int mChangingConfigurations -> a
    android.support.graphics.drawable.VectorDrawableCompat mVectorDrawable -> b
    android.animation.AnimatorSet mAnimatorSet -> c
    java.util.ArrayList mAnimators -> e
    android.support.v4.util.ArrayMap mTargetNameMap -> d
    void <init>(android.content.Context,android.support.graphics.drawable.AnimatedVectorDrawableCompat$AnimatedVectorDrawableCompatState,android.graphics.drawable.Drawable$Callback,android.content.res.Resources) -> <init>
    android.graphics.drawable.Drawable newDrawable() -> newDrawable
    android.graphics.drawable.Drawable newDrawable(android.content.res.Resources) -> newDrawable
    int getChangingConfigurations() -> getChangingConfigurations
    void setupAnimatorSet() -> a
    java.util.ArrayList access$000(android.support.graphics.drawable.AnimatedVectorDrawableCompat$AnimatedVectorDrawableCompatState) -> a
    java.util.ArrayList access$002(android.support.graphics.drawable.AnimatedVectorDrawableCompat$AnimatedVectorDrawableCompatState,java.util.ArrayList) -> a
android.support.graphics.drawable.AnimatedVectorDrawableCompat$AnimatedVectorDrawableDelegateState -> android.support.a.a.c$b:
    android.graphics.drawable.Drawable$ConstantState mDelegateState -> a
    void <init>(android.graphics.drawable.Drawable$ConstantState) -> <init>
    android.graphics.drawable.Drawable newDrawable() -> newDrawable
    android.graphics.drawable.Drawable newDrawable(android.content.res.Resources) -> newDrawable
    android.graphics.drawable.Drawable newDrawable(android.content.res.Resources,android.content.res.Resources$Theme) -> newDrawable
    boolean canApplyTheme() -> canApplyTheme
    int getChangingConfigurations() -> getChangingConfigurations
android.support.graphics.drawable.PathParser -> android.support.a.a.d:
    float[] copyOfRange(float[],int,int) -> a
    android.support.graphics.drawable.PathParser$PathDataNode[] createNodesFromPathData(java.lang.String) -> a
    android.support.graphics.drawable.PathParser$PathDataNode[] deepCopyNodes(android.support.graphics.drawable.PathParser$PathDataNode[]) -> a
    boolean canMorph(android.support.graphics.drawable.PathParser$PathDataNode[],android.support.graphics.drawable.PathParser$PathDataNode[]) -> a
    void updateNodes(android.support.graphics.drawable.PathParser$PathDataNode[],android.support.graphics.drawable.PathParser$PathDataNode[]) -> b
    int nextStart(java.lang.String,int) -> a
    void addNode(java.util.ArrayList,char,float[]) -> a
    float[] getFloats(java.lang.String) -> b
    void extract(java.lang.String,int,android.support.graphics.drawable.PathParser$ExtractFloatResult) -> a
android.support.graphics.drawable.PathParser$ExtractFloatResult -> android.support.a.a.d$a:
    int mEndPosition -> a
    boolean mEndWithNegOrDot -> b
    void <init>() -> <init>