build/outputs/mapping/release/usage.txt
com.example.asti.myapplication.AlarmStuff:
    private android.app.AlarmManager alarmMgr
    private android.app.PendingIntent alarmIntent
    34:41:public void setOnetimeTimer(android.content.Context,long)
    44:51:public void cancelAlarm(android.content.Context)
com.example.asti.myapplication.BuildConfig
com.example.asti.myapplication.R
com.example.asti.myapplication.R$anim
com.example.asti.myapplication.R$attr
com.example.asti.myapplication.R$bool
com.example.asti.myapplication.R$color
com.example.asti.myapplication.R$dimen
com.example.asti.myapplication.R$drawable
com.example.asti.myapplication.R$id
com.example.asti.myapplication.R$integer
com.example.asti.myapplication.R$layout
com.example.asti.myapplication.R$mipmap
com.example.asti.myapplication.R$string
com.example.asti.myapplication.R$style
com.example.asti.myapplication.R$styleable
...
android.support.v4.view.accessibility.AccessibilityNodeInfoCompatApi21$CollectionItemInfo
android.support.v4.view.accessibility.AccessibilityNodeInfoCompatApi22
android.support.v4.view.accessibility.AccessibilityNodeInfoCompatApi23:
    25:25:AccessibilityNodeInfoCompatApi23()
    31:31:public static boolean isContextClickable(java.lang.Object)
    35:36:public static void setContextClickable(java.lang.Object,boolean)
android.support.v4.view.accessibility.AccessibilityNodeInfoCompatApi24:
    29:29:AccessibilityNodeInfoCompatApi24()
    35:35:public static int getDrawingOrder(java.lang.Object)
    39:40:public static void setDrawingOrder(java.lang.Object,int)
    43:43:public static boolean isImportantForAccessibility(java.lang.Object)
    48:49:public static void setImportantForAccessibility(java.lang.Object,boolean)
android.support.v4.view.accessibility.AccessibilityNodeInfoCompatIcs:
    33:33:AccessibilityNodeInfoCompatIcs()
    35:35:public static java.lang.Object obtain()
    39:39:public static java.lang.Object obtain(android.view.View)
    56:57:public static java.util.List findAccessibilityNodeInfosByText(java.lang.Object,java.lang.String)
    73:73:public static java.lang.Object getChild(java.lang.Object,int)
    77:77:public static int getChildCount(java.lang.Object)
    93:93:public static java.lang.Object getParent(java.lang.Object)
    101:101:public static int getWindowId(java.lang.Object)
    145:145:public static boolean performAction(java.lang.Object,int)
    157:158:public static void setCheckable(java.lang.Object,boolean)
    161:162:public static void setChecked(java.lang.Object,boolean)
    201:202:public static void setPassword(java.lang.Object,boolean)
    217:218:public static void setText(java.lang.Object,java.lang.CharSequence)
android.support.v4.view.accessibility.AccessibilityNodeInfoCompatJellyBean:
    31:31:AccessibilityNodeInfoCompatJellyBean()
    34:35:public static void addChild(java.lang.Object,android.view.View,int)
    38:39:public static void setSource(java.lang.Object,android.view.View,int)
    50:50:public static boolean performAction(java.lang.Object,int,android.os.Bundle)
    62:62:public static java.lang.Object obtain(android.view.View,int)
    66:66:public static java.lang.Object findFocus(java.lang.Object,int)
    70:70:public static java.lang.Object focusSearch(java.lang.Object,int)
    74:75:public static void setParent(java.lang.Object,android.view.View,int)
android.support.v4.view.accessibility.AccessibilityNodeInfoCompatJellybeanMr1
android.support.v4.view.accessibility.AccessibilityNodeInfoCompatJellybeanMr2:
    27:27:AccessibilityNodeInfoCompatJellybeanMr2()
    30:31:public static void setViewIdResourceName(java.lang.Object,java.lang.String)
    39:40:public static java.util.List findAccessibilityNodeInfosByViewId(java.lang.Object,java.lang.String)
    44:45:public static void setTextSelection(java.lang.Object,int,int)
    48:48:public static int getTextSelectionStart(java.lang.Object)
    52:52:public static int getTextSelectionEnd(java.lang.Object)
    56:56:public static boolean isEditable(java.lang.Object)
    60:61:public static void setEditable(java.lang.Object,boolean)
    64:64:public static boolean refresh(java.lang.Object)
android.support.v4.view.accessibility.AccessibilityNodeInfoCompatKitKat
android.support.v4.view.accessibility.AccessibilityNodeInfoCompatKitKat$CollectionInfo
android.support.v4.view.accessibility.AccessibilityNodeInfoCompatKitKat$CollectionItemInfo
android.support.v4.view.accessibility.AccessibilityNodeInfoCompatKitKat$RangeInfo
android.support.v4.view.accessibility.AccessibilityNodeProviderCompat:
    public static final int HOST_VIEW_ID
android.support.v4.view.accessibility.AccessibilityNodeProviderCompatJellyBean:
    33:34:AccessibilityNodeProviderCompatJellyBean()
android.support.v4.view.accessibility.AccessibilityNodeProviderCompatKitKat:
    33:34:AccessibilityNodeProviderCompatKitKat()